[debug] [2023-06-13T14:38:29.205Z] ----------------------------------------------------------------------
[debug] [2023-06-13T14:38:29.207Z] Command:       C:\Program Files\nodejs\node.exe C:\Program Files\nodejs\node_modules\firebase-tools\lib\bin\firebase.js init
[debug] [2023-06-13T14:38:29.208Z] CLI Version:   12.3.1
[debug] [2023-06-13T14:38:29.208Z] Platform:      win32
[debug] [2023-06-13T14:38:29.208Z] Node Version:  v16.16.0
[debug] [2023-06-13T14:38:29.209Z] Time:          Tue Jun 13 2023 20:08:29 GMT+0530 (India Standard Time)
[debug] [2023-06-13T14:38:29.209Z] ----------------------------------------------------------------------
[debug] 
[debug] [2023-06-13T14:38:29.296Z] > command requires scopes: ["email","openid","https://www.googleapis.com/auth/cloudplatformprojects.readonly","https://www.googleapis.com/auth/firebase","https://www.googleapis.com/auth/cloud-platform"]
[debug] [2023-06-13T14:38:29.296Z] > authorizing via signed-in user (singhrishabh1670@gmail.com)
[info] 
     ######## #### ########  ######## ########     ###     ######  ########
     ##        ##  ##     ## ##       ##     ##  ##   ##  ##       ##
     ######    ##  ########  ######   ########  #########  ######  ######
     ##        ##  ##    ##  ##       ##     ## ##     ##       ## ##
     ##       #### ##     ## ######## ########  ##     ##  ######  ########

You're about to initialize a Firebase project in this directory:

  C:\Users\singh\Downloads\SDE Test Projects\netflix-react-tailwind

Before we get started, keep in mind:

  * You are initializing within an existing Firebase project directory

